INFO - 2023-07-19 03:08:08 --> Session: Class initialized using 'CodeIgniter\Session\Handlers\FileHandler' driver.
INFO - 2023-07-19 03:08:12 --> Session: Class initialized using 'CodeIgniter\Session\Handlers\FileHandler' driver.
INFO - 2023-07-19 03:08:32 --> Session: Class initialized using 'CodeIgniter\Session\Handlers\FileHandler' driver.
INFO - 2023-07-19 03:08:36 --> Session: Class initialized using 'CodeIgniter\Session\Handlers\FileHandler' driver.
INFO - 2023-07-19 03:08:46 --> Session: Class initialized using 'CodeIgniter\Session\Handlers\FileHandler' driver.
INFO - 2023-07-19 03:09:01 --> Session: Class initialized using 'CodeIgniter\Session\Handlers\FileHandler' driver.
INFO - 2023-07-19 03:13:32 --> Session: Class initialized using 'CodeIgniter\Session\Handlers\FileHandler' driver.
INFO - 2023-07-19 03:13:38 --> Session: Class initialized using 'CodeIgniter\Session\Handlers\FileHandler' driver.
INFO - 2023-07-19 03:18:51 --> Session: Class initialized using 'CodeIgniter\Session\Handlers\FileHandler' driver.
INFO - 2023-07-19 03:20:38 --> Session: Class initialized using 'CodeIgniter\Session\Handlers\FileHandler' driver.
INFO - 2023-07-19 06:52:33 --> Session: Class initialized using 'CodeIgniter\Session\Handlers\FileHandler' driver.
INFO - 2023-07-19 06:52:33 --> Session: Class initialized using 'CodeIgniter\Session\Handlers\FileHandler' driver.
INFO - 2023-07-19 06:52:35 --> Session: Class initialized using 'CodeIgniter\Session\Handlers\FileHandler' driver.
INFO - 2023-07-19 06:52:38 --> Session: Class initialized using 'CodeIgniter\Session\Handlers\FileHandler' driver.
INFO - 2023-07-19 06:52:39 --> Session: Class initialized using 'CodeIgniter\Session\Handlers\FileHandler' driver.
INFO - 2023-07-19 06:52:39 --> Session: Class initialized using 'CodeIgniter\Session\Handlers\FileHandler' driver.
INFO - 2023-07-19 06:52:39 --> Session: Class initialized using 'CodeIgniter\Session\Handlers\FileHandler' driver.
INFO - 2023-07-19 06:52:42 --> Session: Class initialized using 'CodeIgniter\Session\Handlers\FileHandler' driver.
INFO - 2023-07-19 06:52:42 --> Session: Class initialized using 'CodeIgniter\Session\Handlers\FileHandler' driver.
CRITICAL - 2023-07-19 06:52:43 --> Trying to access array offset on value of type null
in APPPATH\Views\Home\v_jurusan.php on line 11.
 1 APPPATH\Views\Home\v_jurusan.php(11): CodeIgniter\Debug\Exceptions->errorHandler(2, 'Trying to access array offset on value of type null', 'C:\\xampp\\htdocs\\sisbudhi\\app\\Views\\Home\\v_jurusan.php', 11)
 2 VENDORPATH\codeigniter4\framework\system\View\View.php(224): include('C:\\xampp\\htdocs\\sisbudhi\\app\\Views\\Home\\v_jurusan.php')
 3 VENDORPATH\codeigniter4\framework\system\View\View.php(227): CodeIgniter\View\View->CodeIgniter\View\{closure}()
 4 SYSTEMPATH\Common.php(1180): CodeIgniter\View\View->render('Home/v_jurusan', [], true)
 5 APPPATH\Views\Frontend\v_halaman_depan.php(205): view('Home/v_jurusan')
 6 VENDORPATH\codeigniter4\framework\system\View\View.php(224): include('C:\\xampp\\htdocs\\sisbudhi\\app\\Views\\Frontend\\v_halaman_depan.php')
 7 VENDORPATH\codeigniter4\framework\system\View\View.php(227): CodeIgniter\View\View->CodeIgniter\View\{closure}()
 8 SYSTEMPATH\Common.php(1180): CodeIgniter\View\View->render('Frontend/v_halaman_depan', [], true)
 9 APPPATH\Controllers\Home.php(33): view('Frontend/v_halaman_depan', [...])
10 VENDORPATH\codeigniter4\framework\system\CodeIgniter.php(932): App\Controllers\Home->DetailJurusan('images', 'page-banner-6.jpg')
11 VENDORPATH\codeigniter4\framework\system\CodeIgniter.php(497): CodeIgniter\CodeIgniter->runController(Object(App\Controllers\Home))
12 VENDORPATH\codeigniter4\framework\system\CodeIgniter.php(366): CodeIgniter\CodeIgniter->handleRequest(null, Object(Config\Cache), false)
13 FCPATH\index.php(67): CodeIgniter\CodeIgniter->run()
INFO - 2023-07-19 06:56:15 --> Session: Class initialized using 'CodeIgniter\Session\Handlers\FileHandler' driver.
INFO - 2023-07-19 06:56:17 --> Session: Class initialized using 'CodeIgniter\Session\Handlers\FileHandler' driver.
CRITICAL - 2023-07-19 06:56:17 --> Undefined variable $berita
in APPPATH\Views\Frontend\v_halaman_depan.php on line 161.
 1 APPPATH\Views\Frontend\v_halaman_depan.php(161): CodeIgniter\Debug\Exceptions->errorHandler(2, 'Undefined variable $berita', 'C:\\xampp\\htdocs\\sisbudhi\\app\\Views\\Frontend\\v_halaman_depan.php', 161)
 2 VENDORPATH\codeigniter4\framework\system\View\View.php(224): include('C:\\xampp\\htdocs\\sisbudhi\\app\\Views\\Frontend\\v_halaman_depan.php')
 3 VENDORPATH\codeigniter4\framework\system\View\View.php(227): CodeIgniter\View\View->CodeIgniter\View\{closure}()
 4 SYSTEMPATH\Common.php(1180): CodeIgniter\View\View->render('Frontend/v_halaman_depan', [], true)
 5 APPPATH\Controllers\Home.php(23): view('Frontend/v_halaman_depan', [...])
 6 VENDORPATH\codeigniter4\framework\system\CodeIgniter.php(932): App\Controllers\Home->index()
 7 VENDORPATH\codeigniter4\framework\system\CodeIgniter.php(497): CodeIgniter\CodeIgniter->runController(Object(App\Controllers\Home))
 8 VENDORPATH\codeigniter4\framework\system\CodeIgniter.php(366): CodeIgniter\CodeIgniter->handleRequest(null, Object(Config\Cache), false)
 9 FCPATH\index.php(67): CodeIgniter\CodeIgniter->run()
INFO - 2023-07-19 06:56:59 --> Session: Class initialized using 'CodeIgniter\Session\Handlers\FileHandler' driver.
CRITICAL - 2023-07-19 06:57:00 --> Undefined variable $Berita
in APPPATH\Views\Frontend\v_halaman_depan.php on line 161.
 1 APPPATH\Views\Frontend\v_halaman_depan.php(161): CodeIgniter\Debug\Exceptions->errorHandler(2, 'Undefined variable $Berita', 'C:\\xampp\\htdocs\\sisbudhi\\app\\Views\\Frontend\\v_halaman_depan.php', 161)
 2 VENDORPATH\codeigniter4\framework\system\View\View.php(224): include('C:\\xampp\\htdocs\\sisbudhi\\app\\Views\\Frontend\\v_halaman_depan.php')
 3 VENDORPATH\codeigniter4\framework\system\View\View.php(227): CodeIgniter\View\View->CodeIgniter\View\{closure}()
 4 SYSTEMPATH\Common.php(1180): CodeIgniter\View\View->render('Frontend/v_halaman_depan', [], true)
 5 APPPATH\Controllers\Home.php(23): view('Frontend/v_halaman_depan', [...])
 6 VENDORPATH\codeigniter4\framework\system\CodeIgniter.php(932): App\Controllers\Home->index()
 7 VENDORPATH\codeigniter4\framework\system\CodeIgniter.php(497): CodeIgniter\CodeIgniter->runController(Object(App\Controllers\Home))
 8 VENDORPATH\codeigniter4\framework\system\CodeIgniter.php(366): CodeIgniter\CodeIgniter->handleRequest(null, Object(Config\Cache), false)
 9 FCPATH\index.php(67): CodeIgniter\CodeIgniter->run()
INFO - 2023-07-19 06:57:01 --> Session: Class initialized using 'CodeIgniter\Session\Handlers\FileHandler' driver.
INFO - 2023-07-19 06:57:06 --> Session: Class initialized using 'CodeIgniter\Session\Handlers\FileHandler' driver.
CRITICAL - 2023-07-19 06:57:06 --> Undefined variable $Berita
in APPPATH\Views\Frontend\v_halaman_depan.php on line 161.
 1 APPPATH\Views\Frontend\v_halaman_depan.php(161): CodeIgniter\Debug\Exceptions->errorHandler(2, 'Undefined variable $Berita', 'C:\\xampp\\htdocs\\sisbudhi\\app\\Views\\Frontend\\v_halaman_depan.php', 161)
 2 VENDORPATH\codeigniter4\framework\system\View\View.php(224): include('C:\\xampp\\htdocs\\sisbudhi\\app\\Views\\Frontend\\v_halaman_depan.php')
 3 VENDORPATH\codeigniter4\framework\system\View\View.php(227): CodeIgniter\View\View->CodeIgniter\View\{closure}()
 4 SYSTEMPATH\Common.php(1180): CodeIgniter\View\View->render('Frontend/v_halaman_depan', [], true)
 5 APPPATH\Controllers\Home.php(23): view('Frontend/v_halaman_depan', [...])
 6 VENDORPATH\codeigniter4\framework\system\CodeIgniter.php(932): App\Controllers\Home->index()
 7 VENDORPATH\codeigniter4\framework\system\CodeIgniter.php(497): CodeIgniter\CodeIgniter->runController(Object(App\Controllers\Home))
 8 VENDORPATH\codeigniter4\framework\system\CodeIgniter.php(366): CodeIgniter\CodeIgniter->handleRequest(null, Object(Config\Cache), false)
 9 FCPATH\index.php(67): CodeIgniter\CodeIgniter->run()
INFO - 2023-07-19 06:58:37 --> Session: Class initialized using 'CodeIgniter\Session\Handlers\FileHandler' driver.
CRITICAL - 2023-07-19 06:58:38 --> Undefined variable $berita
in APPPATH\Views\Frontend\v_halaman_depan.php on line 161.
 1 APPPATH\Views\Frontend\v_halaman_depan.php(161): CodeIgniter\Debug\Exceptions->errorHandler(2, 'Undefined variable $berita', 'C:\\xampp\\htdocs\\sisbudhi\\app\\Views\\Frontend\\v_halaman_depan.php', 161)
 2 VENDORPATH\codeigniter4\framework\system\View\View.php(224): include('C:\\xampp\\htdocs\\sisbudhi\\app\\Views\\Frontend\\v_halaman_depan.php')
 3 VENDORPATH\codeigniter4\framework\system\View\View.php(227): CodeIgniter\View\View->CodeIgniter\View\{closure}()
 4 SYSTEMPATH\Common.php(1180): CodeIgniter\View\View->render('Frontend/v_halaman_depan', [], true)
 5 APPPATH\Controllers\Home.php(23): view('Frontend/v_halaman_depan', [...])
 6 VENDORPATH\codeigniter4\framework\system\CodeIgniter.php(932): App\Controllers\Home->index()
 7 VENDORPATH\codeigniter4\framework\system\CodeIgniter.php(497): CodeIgniter\CodeIgniter->runController(Object(App\Controllers\Home))
 8 VENDORPATH\codeigniter4\framework\system\CodeIgniter.php(366): CodeIgniter\CodeIgniter->handleRequest(null, Object(Config\Cache), false)
 9 FCPATH\index.php(67): CodeIgniter\CodeIgniter->run()
INFO - 2023-07-19 07:00:32 --> Session: Class initialized using 'CodeIgniter\Session\Handlers\FileHandler' driver.
CRITICAL - 2023-07-19 07:00:32 --> Undefined variable $berita
in APPPATH\Views\Frontend\v_halaman_depan.php on line 161.
 1 APPPATH\Views\Frontend\v_halaman_depan.php(161): CodeIgniter\Debug\Exceptions->errorHandler(2, 'Undefined variable $berita', 'C:\\xampp\\htdocs\\sisbudhi\\app\\Views\\Frontend\\v_halaman_depan.php', 161)
 2 VENDORPATH\codeigniter4\framework\system\View\View.php(224): include('C:\\xampp\\htdocs\\sisbudhi\\app\\Views\\Frontend\\v_halaman_depan.php')
 3 VENDORPATH\codeigniter4\framework\system\View\View.php(227): CodeIgniter\View\View->CodeIgniter\View\{closure}()
 4 SYSTEMPATH\Common.php(1180): CodeIgniter\View\View->render('Frontend/v_halaman_depan', [], true)
 5 APPPATH\Controllers\Home.php(23): view('Frontend/v_halaman_depan', [...])
 6 VENDORPATH\codeigniter4\framework\system\CodeIgniter.php(932): App\Controllers\Home->index()
 7 VENDORPATH\codeigniter4\framework\system\CodeIgniter.php(497): CodeIgniter\CodeIgniter->runController(Object(App\Controllers\Home))
 8 VENDORPATH\codeigniter4\framework\system\CodeIgniter.php(366): CodeIgniter\CodeIgniter->handleRequest(null, Object(Config\Cache), false)
 9 FCPATH\index.php(67): CodeIgniter\CodeIgniter->run()
INFO - 2023-07-19 07:02:37 --> Session: Class initialized using 'CodeIgniter\Session\Handlers\FileHandler' driver.
CRITICAL - 2023-07-19 07:02:37 --> Undefined variable $berita
in APPPATH\Views\Frontend\v_halaman_depan.php on line 161.
 1 APPPATH\Views\Frontend\v_halaman_depan.php(161): CodeIgniter\Debug\Exceptions->errorHandler(2, 'Undefined variable $berita', 'C:\\xampp\\htdocs\\sisbudhi\\app\\Views\\Frontend\\v_halaman_depan.php', 161)
 2 VENDORPATH\codeigniter4\framework\system\View\View.php(224): include('C:\\xampp\\htdocs\\sisbudhi\\app\\Views\\Frontend\\v_halaman_depan.php')
 3 VENDORPATH\codeigniter4\framework\system\View\View.php(227): CodeIgniter\View\View->CodeIgniter\View\{closure}()
 4 SYSTEMPATH\Common.php(1180): CodeIgniter\View\View->render('Frontend/v_halaman_depan', [], true)
 5 APPPATH\Controllers\Home.php(23): view('Frontend/v_halaman_depan', [...])
 6 VENDORPATH\codeigniter4\framework\system\CodeIgniter.php(932): App\Controllers\Home->index()
 7 VENDORPATH\codeigniter4\framework\system\CodeIgniter.php(497): CodeIgniter\CodeIgniter->runController(Object(App\Controllers\Home))
 8 VENDORPATH\codeigniter4\framework\system\CodeIgniter.php(366): CodeIgniter\CodeIgniter->handleRequest(null, Object(Config\Cache), false)
 9 FCPATH\index.php(67): CodeIgniter\CodeIgniter->run()
INFO - 2023-07-19 07:03:36 --> Session: Class initialized using 'CodeIgniter\Session\Handlers\FileHandler' driver.
CRITICAL - 2023-07-19 07:03:36 --> Undefined variable $berita
in APPPATH\Views\Frontend\v_halaman_depan.php on line 161.
 1 APPPATH\Views\Frontend\v_halaman_depan.php(161): CodeIgniter\Debug\Exceptions->errorHandler(2, 'Undefined variable $berita', 'C:\\xampp\\htdocs\\sisbudhi\\app\\Views\\Frontend\\v_halaman_depan.php', 161)
 2 VENDORPATH\codeigniter4\framework\system\View\View.php(224): include('C:\\xampp\\htdocs\\sisbudhi\\app\\Views\\Frontend\\v_halaman_depan.php')
 3 VENDORPATH\codeigniter4\framework\system\View\View.php(227): CodeIgniter\View\View->CodeIgniter\View\{closure}()
 4 SYSTEMPATH\Common.php(1180): CodeIgniter\View\View->render('Frontend/v_halaman_depan', [], true)
 5 APPPATH\Controllers\Home.php(23): view('Frontend/v_halaman_depan', [...])
 6 VENDORPATH\codeigniter4\framework\system\CodeIgniter.php(932): App\Controllers\Home->index()
 7 VENDORPATH\codeigniter4\framework\system\CodeIgniter.php(497): CodeIgniter\CodeIgniter->runController(Object(App\Controllers\Home))
 8 VENDORPATH\codeigniter4\framework\system\CodeIgniter.php(366): CodeIgniter\CodeIgniter->handleRequest(null, Object(Config\Cache), false)
 9 FCPATH\index.php(67): CodeIgniter\CodeIgniter->run()
INFO - 2023-07-19 07:03:38 --> Session: Class initialized using 'CodeIgniter\Session\Handlers\FileHandler' driver.
INFO - 2023-07-19 07:03:39 --> Session: Class initialized using 'CodeIgniter\Session\Handlers\FileHandler' driver.
CRITICAL - 2023-07-19 07:03:39 --> Undefined variable $berita
in APPPATH\Views\Frontend\v_halaman_depan.php on line 161.
 1 APPPATH\Views\Frontend\v_halaman_depan.php(161): CodeIgniter\Debug\Exceptions->errorHandler(2, 'Undefined variable $berita', 'C:\\xampp\\htdocs\\sisbudhi\\app\\Views\\Frontend\\v_halaman_depan.php', 161)
 2 VENDORPATH\codeigniter4\framework\system\View\View.php(224): include('C:\\xampp\\htdocs\\sisbudhi\\app\\Views\\Frontend\\v_halaman_depan.php')
 3 VENDORPATH\codeigniter4\framework\system\View\View.php(227): CodeIgniter\View\View->CodeIgniter\View\{closure}()
 4 SYSTEMPATH\Common.php(1180): CodeIgniter\View\View->render('Frontend/v_halaman_depan', [], true)
 5 APPPATH\Controllers\Home.php(23): view('Frontend/v_halaman_depan', [...])
 6 VENDORPATH\codeigniter4\framework\system\CodeIgniter.php(932): App\Controllers\Home->index()
 7 VENDORPATH\codeigniter4\framework\system\CodeIgniter.php(497): CodeIgniter\CodeIgniter->runController(Object(App\Controllers\Home))
 8 VENDORPATH\codeigniter4\framework\system\CodeIgniter.php(366): CodeIgniter\CodeIgniter->handleRequest(null, Object(Config\Cache), false)
 9 FCPATH\index.php(67): CodeIgniter\CodeIgniter->run()
INFO - 2023-07-19 07:06:56 --> Session: Class initialized using 'CodeIgniter\Session\Handlers\FileHandler' driver.
CRITICAL - 2023-07-19 07:06:56 --> Undefined variable $berita
in APPPATH\Views\Frontend\v_halaman_depan.php on line 161.
 1 APPPATH\Views\Frontend\v_halaman_depan.php(161): CodeIgniter\Debug\Exceptions->errorHandler(2, 'Undefined variable $berita', 'C:\\xampp\\htdocs\\sisbudhi\\app\\Views\\Frontend\\v_halaman_depan.php', 161)
 2 VENDORPATH\codeigniter4\framework\system\View\View.php(224): include('C:\\xampp\\htdocs\\sisbudhi\\app\\Views\\Frontend\\v_halaman_depan.php')
 3 VENDORPATH\codeigniter4\framework\system\View\View.php(227): CodeIgniter\View\View->CodeIgniter\View\{closure}()
 4 SYSTEMPATH\Common.php(1180): CodeIgniter\View\View->render('Frontend/v_halaman_depan', [], true)
 5 APPPATH\Controllers\Home.php(23): view('Frontend/v_halaman_depan', [...])
 6 VENDORPATH\codeigniter4\framework\system\CodeIgniter.php(932): App\Controllers\Home->index()
 7 VENDORPATH\codeigniter4\framework\system\CodeIgniter.php(497): CodeIgniter\CodeIgniter->runController(Object(App\Controllers\Home))
 8 VENDORPATH\codeigniter4\framework\system\CodeIgniter.php(366): CodeIgniter\CodeIgniter->handleRequest(null, Object(Config\Cache), false)
 9 FCPATH\index.php(67): CodeIgniter\CodeIgniter->run()
INFO - 2023-07-19 07:09:49 --> Session: Class initialized using 'CodeIgniter\Session\Handlers\FileHandler' driver.
CRITICAL - 2023-07-19 07:09:49 --> Undefined variable $Berita
in APPPATH\Views\Frontend\v_halaman_depan.php on line 161.
 1 APPPATH\Views\Frontend\v_halaman_depan.php(161): CodeIgniter\Debug\Exceptions->errorHandler(2, 'Undefined variable $Berita', 'C:\\xampp\\htdocs\\sisbudhi\\app\\Views\\Frontend\\v_halaman_depan.php', 161)
 2 VENDORPATH\codeigniter4\framework\system\View\View.php(224): include('C:\\xampp\\htdocs\\sisbudhi\\app\\Views\\Frontend\\v_halaman_depan.php')
 3 VENDORPATH\codeigniter4\framework\system\View\View.php(227): CodeIgniter\View\View->CodeIgniter\View\{closure}()
 4 SYSTEMPATH\Common.php(1180): CodeIgniter\View\View->render('Frontend/v_halaman_depan', [], true)
 5 APPPATH\Controllers\Home.php(23): view('Frontend/v_halaman_depan', [...])
 6 VENDORPATH\codeigniter4\framework\system\CodeIgniter.php(932): App\Controllers\Home->index()
 7 VENDORPATH\codeigniter4\framework\system\CodeIgniter.php(497): CodeIgniter\CodeIgniter->runController(Object(App\Controllers\Home))
 8 VENDORPATH\codeigniter4\framework\system\CodeIgniter.php(366): CodeIgniter\CodeIgniter->handleRequest(null, Object(Config\Cache), false)
 9 FCPATH\index.php(67): CodeIgniter\CodeIgniter->run()
INFO - 2023-07-19 07:09:51 --> Session: Class initialized using 'CodeIgniter\Session\Handlers\FileHandler' driver.
INFO - 2023-07-19 07:09:53 --> Session: Class initialized using 'CodeIgniter\Session\Handlers\FileHandler' driver.
CRITICAL - 2023-07-19 07:09:53 --> Undefined variable $Berita
in APPPATH\Views\Frontend\v_halaman_depan.php on line 161.
 1 APPPATH\Views\Frontend\v_halaman_depan.php(161): CodeIgniter\Debug\Exceptions->errorHandler(2, 'Undefined variable $Berita', 'C:\\xampp\\htdocs\\sisbudhi\\app\\Views\\Frontend\\v_halaman_depan.php', 161)
 2 VENDORPATH\codeigniter4\framework\system\View\View.php(224): include('C:\\xampp\\htdocs\\sisbudhi\\app\\Views\\Frontend\\v_halaman_depan.php')
 3 VENDORPATH\codeigniter4\framework\system\View\View.php(227): CodeIgniter\View\View->CodeIgniter\View\{closure}()
 4 SYSTEMPATH\Common.php(1180): CodeIgniter\View\View->render('Frontend/v_halaman_depan', [], true)
 5 APPPATH\Controllers\Home.php(23): view('Frontend/v_halaman_depan', [...])
 6 VENDORPATH\codeigniter4\framework\system\CodeIgniter.php(932): App\Controllers\Home->index()
 7 VENDORPATH\codeigniter4\framework\system\CodeIgniter.php(497): CodeIgniter\CodeIgniter->runController(Object(App\Controllers\Home))
 8 VENDORPATH\codeigniter4\framework\system\CodeIgniter.php(366): CodeIgniter\CodeIgniter->handleRequest(null, Object(Config\Cache), false)
 9 FCPATH\index.php(67): CodeIgniter\CodeIgniter->run()
INFO - 2023-07-19 07:10:04 --> Session: Class initialized using 'CodeIgniter\Session\Handlers\FileHandler' driver.
INFO - 2023-07-19 07:10:05 --> Session: Class initialized using 'CodeIgniter\Session\Handlers\FileHandler' driver.
INFO - 2023-07-19 07:10:05 --> Session: Class initialized using 'CodeIgniter\Session\Handlers\FileHandler' driver.
INFO - 2023-07-19 07:10:05 --> Session: Class initialized using 'CodeIgniter\Session\Handlers\FileHandler' driver.
INFO - 2023-07-19 07:10:05 --> Session: Class initialized using 'CodeIgniter\Session\Handlers\FileHandler' driver.
INFO - 2023-07-19 07:10:07 --> Session: Class initialized using 'CodeIgniter\Session\Handlers\FileHandler' driver.
INFO - 2023-07-19 07:10:08 --> Session: Class initialized using 'CodeIgniter\Session\Handlers\FileHandler' driver.
CRITICAL - 2023-07-19 07:10:08 --> Trying to access array offset on value of type null
in APPPATH\Views\Home\v_jurusan.php on line 11.
 1 APPPATH\Views\Home\v_jurusan.php(11): CodeIgniter\Debug\Exceptions->errorHandler(2, 'Trying to access array offset on value of type null', 'C:\\xampp\\htdocs\\sisbudhi\\app\\Views\\Home\\v_jurusan.php', 11)
 2 VENDORPATH\codeigniter4\framework\system\View\View.php(224): include('C:\\xampp\\htdocs\\sisbudhi\\app\\Views\\Home\\v_jurusan.php')
 3 VENDORPATH\codeigniter4\framework\system\View\View.php(227): CodeIgniter\View\View->CodeIgniter\View\{closure}()
 4 SYSTEMPATH\Common.php(1180): CodeIgniter\View\View->render('Home/v_jurusan', [], true)
 5 APPPATH\Views\Frontend\v_halaman_depan.php(204): view('Home/v_jurusan')
 6 VENDORPATH\codeigniter4\framework\system\View\View.php(224): include('C:\\xampp\\htdocs\\sisbudhi\\app\\Views\\Frontend\\v_halaman_depan.php')
 7 VENDORPATH\codeigniter4\framework\system\View\View.php(227): CodeIgniter\View\View->CodeIgniter\View\{closure}()
 8 SYSTEMPATH\Common.php(1180): CodeIgniter\View\View->render('Frontend/v_halaman_depan', [], true)
 9 APPPATH\Controllers\Home.php(33): view('Frontend/v_halaman_depan', [...])
10 VENDORPATH\codeigniter4\framework\system\CodeIgniter.php(932): App\Controllers\Home->Jurusan('images', 'page-banner-6.jpg')
11 VENDORPATH\codeigniter4\framework\system\CodeIgniter.php(497): CodeIgniter\CodeIgniter->runController(Object(App\Controllers\Home))
12 VENDORPATH\codeigniter4\framework\system\CodeIgniter.php(366): CodeIgniter\CodeIgniter->handleRequest(null, Object(Config\Cache), false)
13 FCPATH\index.php(67): CodeIgniter\CodeIgniter->run()
INFO - 2023-07-19 07:10:13 --> Session: Class initialized using 'CodeIgniter\Session\Handlers\FileHandler' driver.
CRITICAL - 2023-07-19 07:10:13 --> Trying to access array offset on value of type null
in APPPATH\Views\Home\v_jurusan.php on line 11.
 1 APPPATH\Views\Home\v_jurusan.php(11): CodeIgniter\Debug\Exceptions->errorHandler(2, 'Trying to access array offset on value of type null', 'C:\\xampp\\htdocs\\sisbudhi\\app\\Views\\Home\\v_jurusan.php', 11)
 2 VENDORPATH\codeigniter4\framework\system\View\View.php(224): include('C:\\xampp\\htdocs\\sisbudhi\\app\\Views\\Home\\v_jurusan.php')
 3 VENDORPATH\codeigniter4\framework\system\View\View.php(227): CodeIgniter\View\View->CodeIgniter\View\{closure}()
 4 SYSTEMPATH\Common.php(1180): CodeIgniter\View\View->render('Home/v_jurusan', [], true)
 5 APPPATH\Views\Frontend\v_halaman_depan.php(204): view('Home/v_jurusan')
 6 VENDORPATH\codeigniter4\framework\system\View\View.php(224): include('C:\\xampp\\htdocs\\sisbudhi\\app\\Views\\Frontend\\v_halaman_depan.php')
 7 VENDORPATH\codeigniter4\framework\system\View\View.php(227): CodeIgniter\View\View->CodeIgniter\View\{closure}()
 8 SYSTEMPATH\Common.php(1180): CodeIgniter\View\View->render('Frontend/v_halaman_depan', [], true)
 9 APPPATH\Controllers\Home.php(33): view('Frontend/v_halaman_depan', [...])
10 VENDORPATH\codeigniter4\framework\system\CodeIgniter.php(932): App\Controllers\Home->Jurusan('events.html')
11 VENDORPATH\codeigniter4\framework\system\CodeIgniter.php(497): CodeIgniter\CodeIgniter->runController(Object(App\Controllers\Home))
12 VENDORPATH\codeigniter4\framework\system\CodeIgniter.php(366): CodeIgniter\CodeIgniter->handleRequest(null, Object(Config\Cache), false)
13 FCPATH\index.php(67): CodeIgniter\CodeIgniter->run()
INFO - 2023-07-19 07:10:19 --> Session: Class initialized using 'CodeIgniter\Session\Handlers\FileHandler' driver.
INFO - 2023-07-19 07:10:19 --> Session: Class initialized using 'CodeIgniter\Session\Handlers\FileHandler' driver.
CRITICAL - 2023-07-19 07:10:19 --> Trying to access array offset on value of type null
in APPPATH\Views\Home\v_jurusan.php on line 11.
 1 APPPATH\Views\Home\v_jurusan.php(11): CodeIgniter\Debug\Exceptions->errorHandler(2, 'Trying to access array offset on value of type null', 'C:\\xampp\\htdocs\\sisbudhi\\app\\Views\\Home\\v_jurusan.php', 11)
 2 VENDORPATH\codeigniter4\framework\system\View\View.php(224): include('C:\\xampp\\htdocs\\sisbudhi\\app\\Views\\Home\\v_jurusan.php')
 3 VENDORPATH\codeigniter4\framework\system\View\View.php(227): CodeIgniter\View\View->CodeIgniter\View\{closure}()
 4 SYSTEMPATH\Common.php(1180): CodeIgniter\View\View->render('Home/v_jurusan', [], true)
 5 APPPATH\Views\Frontend\v_halaman_depan.php(204): view('Home/v_jurusan')
 6 VENDORPATH\codeigniter4\framework\system\View\View.php(224): include('C:\\xampp\\htdocs\\sisbudhi\\app\\Views\\Frontend\\v_halaman_depan.php')
 7 VENDORPATH\codeigniter4\framework\system\View\View.php(227): CodeIgniter\View\View->CodeIgniter\View\{closure}()
 8 SYSTEMPATH\Common.php(1180): CodeIgniter\View\View->render('Frontend/v_halaman_depan', [], true)
 9 APPPATH\Controllers\Home.php(33): view('Frontend/v_halaman_depan', [...])
10 VENDORPATH\codeigniter4\framework\system\CodeIgniter.php(932): App\Controllers\Home->Jurusan('images', 'page-banner-6.jpg')
11 VENDORPATH\codeigniter4\framework\system\CodeIgniter.php(497): CodeIgniter\CodeIgniter->runController(Object(App\Controllers\Home))
12 VENDORPATH\codeigniter4\framework\system\CodeIgniter.php(366): CodeIgniter\CodeIgniter->handleRequest(null, Object(Config\Cache), false)
13 FCPATH\index.php(67): CodeIgniter\CodeIgniter->run()
INFO - 2023-07-19 07:12:16 --> Session: Class initialized using 'CodeIgniter\Session\Handlers\FileHandler' driver.
CRITICAL - 2023-07-19 07:12:16 --> Undefined variable $berita
in APPPATH\Views\Frontend\v_halaman_depan.php on line 161.
 1 APPPATH\Views\Frontend\v_halaman_depan.php(161): CodeIgniter\Debug\Exceptions->errorHandler(2, 'Undefined variable $berita', 'C:\\xampp\\htdocs\\sisbudhi\\app\\Views\\Frontend\\v_halaman_depan.php', 161)
 2 VENDORPATH\codeigniter4\framework\system\View\View.php(224): include('C:\\xampp\\htdocs\\sisbudhi\\app\\Views\\Frontend\\v_halaman_depan.php')
 3 VENDORPATH\codeigniter4\framework\system\View\View.php(227): CodeIgniter\View\View->CodeIgniter\View\{closure}()
 4 SYSTEMPATH\Common.php(1180): CodeIgniter\View\View->render('Frontend/v_halaman_depan', [], true)
 5 APPPATH\Controllers\Home.php(33): view('Frontend/v_halaman_depan', [...])
 6 VENDORPATH\codeigniter4\framework\system\CodeIgniter.php(932): App\Controllers\Home->Jurusan('6')
 7 VENDORPATH\codeigniter4\framework\system\CodeIgniter.php(497): CodeIgniter\CodeIgniter->runController(Object(App\Controllers\Home))
 8 VENDORPATH\codeigniter4\framework\system\CodeIgniter.php(366): CodeIgniter\CodeIgniter->handleRequest(null, Object(Config\Cache), false)
 9 FCPATH\index.php(67): CodeIgniter\CodeIgniter->run()
INFO - 2023-07-19 07:14:21 --> Session: Class initialized using 'CodeIgniter\Session\Handlers\FileHandler' driver.
CRITICAL - 2023-07-19 07:14:21 --> Undefined variable $berita
in APPPATH\Views\Frontend\v_halaman_depan.php on line 161.
 1 APPPATH\Views\Frontend\v_halaman_depan.php(161): CodeIgniter\Debug\Exceptions->errorHandler(2, 'Undefined variable $berita', 'C:\\xampp\\htdocs\\sisbudhi\\app\\Views\\Frontend\\v_halaman_depan.php', 161)
 2 VENDORPATH\codeigniter4\framework\system\View\View.php(224): include('C:\\xampp\\htdocs\\sisbudhi\\app\\Views\\Frontend\\v_halaman_depan.php')
 3 VENDORPATH\codeigniter4\framework\system\View\View.php(227): CodeIgniter\View\View->CodeIgniter\View\{closure}()
 4 SYSTEMPATH\Common.php(1180): CodeIgniter\View\View->render('Frontend/v_halaman_depan', [], true)
 5 APPPATH\Controllers\Home.php(33): view('Frontend/v_halaman_depan', [...])
 6 VENDORPATH\codeigniter4\framework\system\CodeIgniter.php(932): App\Controllers\Home->Jurusan('6')
 7 VENDORPATH\codeigniter4\framework\system\CodeIgniter.php(497): CodeIgniter\CodeIgniter->runController(Object(App\Controllers\Home))
 8 VENDORPATH\codeigniter4\framework\system\CodeIgniter.php(366): CodeIgniter\CodeIgniter->handleRequest(null, Object(Config\Cache), false)
 9 FCPATH\index.php(67): CodeIgniter\CodeIgniter->run()
INFO - 2023-07-19 07:14:39 --> Session: Class initialized using 'CodeIgniter\Session\Handlers\FileHandler' driver.
INFO - 2023-07-19 07:14:39 --> Session: Class initialized using 'CodeIgniter\Session\Handlers\FileHandler' driver.
CRITICAL - 2023-07-19 07:14:40 --> Trying to access array offset on value of type null
in APPPATH\Views\Home\v_jurusan.php on line 11.
 1 APPPATH\Views\Home\v_jurusan.php(11): CodeIgniter\Debug\Exceptions->errorHandler(2, 'Trying to access array offset on value of type null', 'C:\\xampp\\htdocs\\sisbudhi\\app\\Views\\Home\\v_jurusan.php', 11)
 2 VENDORPATH\codeigniter4\framework\system\View\View.php(224): include('C:\\xampp\\htdocs\\sisbudhi\\app\\Views\\Home\\v_jurusan.php')
 3 VENDORPATH\codeigniter4\framework\system\View\View.php(227): CodeIgniter\View\View->CodeIgniter\View\{closure}()
 4 SYSTEMPATH\Common.php(1180): CodeIgniter\View\View->render('Home/v_jurusan', [], true)
 5 APPPATH\Views\Frontend\v_halaman_depan.php(203): view('Home/v_jurusan')
 6 VENDORPATH\codeigniter4\framework\system\View\View.php(224): include('C:\\xampp\\htdocs\\sisbudhi\\app\\Views\\Frontend\\v_halaman_depan.php')
 7 VENDORPATH\codeigniter4\framework\system\View\View.php(227): CodeIgniter\View\View->CodeIgniter\View\{closure}()
 8 SYSTEMPATH\Common.php(1180): CodeIgniter\View\View->render('Frontend/v_halaman_depan', [], true)
 9 APPPATH\Controllers\Home.php(33): view('Frontend/v_halaman_depan', [...])
10 VENDORPATH\codeigniter4\framework\system\CodeIgniter.php(932): App\Controllers\Home->Jurusan('images', 'page-banner-6.jpg')
11 VENDORPATH\codeigniter4\framework\system\CodeIgniter.php(497): CodeIgniter\CodeIgniter->runController(Object(App\Controllers\Home))
12 VENDORPATH\codeigniter4\framework\system\CodeIgniter.php(366): CodeIgniter\CodeIgniter->handleRequest(null, Object(Config\Cache), false)
13 FCPATH\index.php(67): CodeIgniter\CodeIgniter->run()
INFO - 2023-07-19 07:14:41 --> Session: Class initialized using 'CodeIgniter\Session\Handlers\FileHandler' driver.
CRITICAL - 2023-07-19 07:14:41 --> Trying to access array offset on value of type null
in APPPATH\Views\Home\v_jurusan.php on line 11.
 1 APPPATH\Views\Home\v_jurusan.php(11): CodeIgniter\Debug\Exceptions->errorHandler(2, 'Trying to access array offset on value of type null', 'C:\\xampp\\htdocs\\sisbudhi\\app\\Views\\Home\\v_jurusan.php', 11)
 2 VENDORPATH\codeigniter4\framework\system\View\View.php(224): include('C:\\xampp\\htdocs\\sisbudhi\\app\\Views\\Home\\v_jurusan.php')
 3 VENDORPATH\codeigniter4\framework\system\View\View.php(227): CodeIgniter\View\View->CodeIgniter\View\{closure}()
 4 SYSTEMPATH\Common.php(1180): CodeIgniter\View\View->render('Home/v_jurusan', [], true)
 5 APPPATH\Views\Frontend\v_halaman_depan.php(203): view('Home/v_jurusan')
 6 VENDORPATH\codeigniter4\framework\system\View\View.php(224): include('C:\\xampp\\htdocs\\sisbudhi\\app\\Views\\Frontend\\v_halaman_depan.php')
 7 VENDORPATH\codeigniter4\framework\system\View\View.php(227): CodeIgniter\View\View->CodeIgniter\View\{closure}()
 8 SYSTEMPATH\Common.php(1180): CodeIgniter\View\View->render('Frontend/v_halaman_depan', [], true)
 9 APPPATH\Controllers\Home.php(33): view('Frontend/v_halaman_depan', [...])
10 VENDORPATH\codeigniter4\framework\system\CodeIgniter.php(932): App\Controllers\Home->Jurusan('events.html')
11 VENDORPATH\codeigniter4\framework\system\CodeIgniter.php(497): CodeIgniter\CodeIgniter->runController(Object(App\Controllers\Home))
12 VENDORPATH\codeigniter4\framework\system\CodeIgniter.php(366): CodeIgniter\CodeIgniter->handleRequest(null, Object(Config\Cache), false)
13 FCPATH\index.php(67): CodeIgniter\CodeIgniter->run()
INFO - 2023-07-19 07:14:45 --> Session: Class initialized using 'CodeIgniter\Session\Handlers\FileHandler' driver.
INFO - 2023-07-19 07:14:45 --> Session: Class initialized using 'CodeIgniter\Session\Handlers\FileHandler' driver.
CRITICAL - 2023-07-19 07:14:45 --> Trying to access array offset on value of type null
in APPPATH\Views\Home\v_jurusan.php on line 11.
 1 APPPATH\Views\Home\v_jurusan.php(11): CodeIgniter\Debug\Exceptions->errorHandler(2, 'Trying to access array offset on value of type null', 'C:\\xampp\\htdocs\\sisbudhi\\app\\Views\\Home\\v_jurusan.php', 11)
 2 VENDORPATH\codeigniter4\framework\system\View\View.php(224): include('C:\\xampp\\htdocs\\sisbudhi\\app\\Views\\Home\\v_jurusan.php')
 3 VENDORPATH\codeigniter4\framework\system\View\View.php(227): CodeIgniter\View\View->CodeIgniter\View\{closure}()
 4 SYSTEMPATH\Common.php(1180): CodeIgniter\View\View->render('Home/v_jurusan', [], true)
 5 APPPATH\Views\Frontend\v_halaman_depan.php(203): view('Home/v_jurusan')
 6 VENDORPATH\codeigniter4\framework\system\View\View.php(224): include('C:\\xampp\\htdocs\\sisbudhi\\app\\Views\\Frontend\\v_halaman_depan.php')
 7 VENDORPATH\codeigniter4\framework\system\View\View.php(227): CodeIgniter\View\View->CodeIgniter\View\{closure}()
 8 SYSTEMPATH\Common.php(1180): CodeIgniter\View\View->render('Frontend/v_halaman_depan', [], true)
 9 APPPATH\Controllers\Home.php(33): view('Frontend/v_halaman_depan', [...])
10 VENDORPATH\codeigniter4\framework\system\CodeIgniter.php(932): App\Controllers\Home->Jurusan('images', 'page-banner-6.jpg')
11 VENDORPATH\codeigniter4\framework\system\CodeIgniter.php(497): CodeIgniter\CodeIgniter->runController(Object(App\Controllers\Home))
12 VENDORPATH\codeigniter4\framework\system\CodeIgniter.php(366): CodeIgniter\CodeIgniter->handleRequest(null, Object(Config\Cache), false)
13 FCPATH\index.php(67): CodeIgniter\CodeIgniter->run()
INFO - 2023-07-19 07:16:32 --> Session: Class initialized using 'CodeIgniter\Session\Handlers\FileHandler' driver.
INFO - 2023-07-19 07:16:33 --> Session: Class initialized using 'CodeIgniter\Session\Handlers\FileHandler' driver.
CRITICAL - 2023-07-19 07:16:33 --> Trying to access array offset on value of type null
in APPPATH\Views\Home\v_jurusan.php on line 11.
 1 APPPATH\Views\Home\v_jurusan.php(11): CodeIgniter\Debug\Exceptions->errorHandler(2, 'Trying to access array offset on value of type null', 'C:\\xampp\\htdocs\\sisbudhi\\app\\Views\\Home\\v_jurusan.php', 11)
 2 VENDORPATH\codeigniter4\framework\system\View\View.php(224): include('C:\\xampp\\htdocs\\sisbudhi\\app\\Views\\Home\\v_jurusan.php')
 3 VENDORPATH\codeigniter4\framework\system\View\View.php(227): CodeIgniter\View\View->CodeIgniter\View\{closure}()
 4 SYSTEMPATH\Common.php(1180): CodeIgniter\View\View->render('Home/v_jurusan', [], true)
 5 APPPATH\Views\Frontend\v_halaman_depan.php(203): view('Home/v_jurusan')
 6 VENDORPATH\codeigniter4\framework\system\View\View.php(224): include('C:\\xampp\\htdocs\\sisbudhi\\app\\Views\\Frontend\\v_halaman_depan.php')
 7 VENDORPATH\codeigniter4\framework\system\View\View.php(227): CodeIgniter\View\View->CodeIgniter\View\{closure}()
 8 SYSTEMPATH\Common.php(1180): CodeIgniter\View\View->render('Frontend/v_halaman_depan', [], true)
 9 APPPATH\Controllers\Home.php(33): view('Frontend/v_halaman_depan', [...])
10 VENDORPATH\codeigniter4\framework\system\CodeIgniter.php(932): App\Controllers\Home->Jurusan('images', 'page-banner-6.jpg')
11 VENDORPATH\codeigniter4\framework\system\CodeIgniter.php(497): CodeIgniter\CodeIgniter->runController(Object(App\Controllers\Home))
12 VENDORPATH\codeigniter4\framework\system\CodeIgniter.php(366): CodeIgniter\CodeIgniter->handleRequest(null, Object(Config\Cache), false)
13 FCPATH\index.php(67): CodeIgniter\CodeIgniter->run()
INFO - 2023-07-19 07:16:36 --> Session: Class initialized using 'CodeIgniter\Session\Handlers\FileHandler' driver.
CRITICAL - 2023-07-19 07:16:36 --> Too few arguments to function App\Controllers\Home::Berita(), 0 passed in C:\xampp\htdocs\sisbudhi\vendor\codeigniter4\framework\system\CodeIgniter.php on line 932 and exactly 1 expected
in APPPATH\Controllers\Home.php on line 35.
 1 VENDORPATH\codeigniter4\framework\system\CodeIgniter.php(932): App\Controllers\Home->Berita()
 2 VENDORPATH\codeigniter4\framework\system\CodeIgniter.php(497): CodeIgniter\CodeIgniter->runController(Object(App\Controllers\Home))
 3 VENDORPATH\codeigniter4\framework\system\CodeIgniter.php(366): CodeIgniter\CodeIgniter->handleRequest(null, Object(Config\Cache), false)
 4 FCPATH\index.php(67): CodeIgniter\CodeIgniter->run()
INFO - 2023-07-19 07:16:52 --> Session: Class initialized using 'CodeIgniter\Session\Handlers\FileHandler' driver.
CRITICAL - 2023-07-19 07:16:52 --> Undefined variable $berita
in APPPATH\Views\Home\v_berita.php on line 11.
 1 APPPATH\Views\Home\v_berita.php(11): CodeIgniter\Debug\Exceptions->errorHandler(2, 'Undefined variable $berita', 'C:\\xampp\\htdocs\\sisbudhi\\app\\Views\\Home\\v_berita.php', 11)
 2 VENDORPATH\codeigniter4\framework\system\View\View.php(224): include('C:\\xampp\\htdocs\\sisbudhi\\app\\Views\\Home\\v_berita.php')
 3 VENDORPATH\codeigniter4\framework\system\View\View.php(227): CodeIgniter\View\View->CodeIgniter\View\{closure}()
 4 SYSTEMPATH\Common.php(1180): CodeIgniter\View\View->render('Home/v_berita', [], true)
 5 APPPATH\Views\Frontend\v_halaman_depan.php(203): view('Home/v_berita')
 6 VENDORPATH\codeigniter4\framework\system\View\View.php(224): include('C:\\xampp\\htdocs\\sisbudhi\\app\\Views\\Frontend\\v_halaman_depan.php')
 7 VENDORPATH\codeigniter4\framework\system\View\View.php(227): CodeIgniter\View\View->CodeIgniter\View\{closure}()
 8 SYSTEMPATH\Common.php(1180): CodeIgniter\View\View->render('Frontend/v_halaman_depan', [], true)
 9 APPPATH\Controllers\Home.php(42): view('Frontend/v_halaman_depan', [...])
10 VENDORPATH\codeigniter4\framework\system\CodeIgniter.php(932): App\Controllers\Home->Berita()
11 VENDORPATH\codeigniter4\framework\system\CodeIgniter.php(497): CodeIgniter\CodeIgniter->runController(Object(App\Controllers\Home))
12 VENDORPATH\codeigniter4\framework\system\CodeIgniter.php(366): CodeIgniter\CodeIgniter->handleRequest(null, Object(Config\Cache), false)
13 FCPATH\index.php(67): CodeIgniter\CodeIgniter->run()
INFO - 2023-07-19 07:17:36 --> Session: Class initialized using 'CodeIgniter\Session\Handlers\FileHandler' driver.
INFO - 2023-07-19 07:17:37 --> Session: Class initialized using 'CodeIgniter\Session\Handlers\FileHandler' driver.
INFO - 2023-07-19 07:18:23 --> Session: Class initialized using 'CodeIgniter\Session\Handlers\FileHandler' driver.
CRITICAL - 2023-07-19 07:18:23 --> Undefined variable $berita
in APPPATH\Views\Home\v_berita.php on line 11.
 1 APPPATH\Views\Home\v_berita.php(11): CodeIgniter\Debug\Exceptions->errorHandler(2, 'Undefined variable $berita', 'C:\\xampp\\htdocs\\sisbudhi\\app\\Views\\Home\\v_berita.php', 11)
 2 VENDORPATH\codeigniter4\framework\system\View\View.php(224): include('C:\\xampp\\htdocs\\sisbudhi\\app\\Views\\Home\\v_berita.php')
 3 VENDORPATH\codeigniter4\framework\system\View\View.php(227): CodeIgniter\View\View->CodeIgniter\View\{closure}()
 4 SYSTEMPATH\Common.php(1180): CodeIgniter\View\View->render('Home/v_berita', [], true)
 5 APPPATH\Views\Frontend\v_halaman_depan.php(203): view('Home/v_berita')
 6 VENDORPATH\codeigniter4\framework\system\View\View.php(224): include('C:\\xampp\\htdocs\\sisbudhi\\app\\Views\\Frontend\\v_halaman_depan.php')
 7 VENDORPATH\codeigniter4\framework\system\View\View.php(227): CodeIgniter\View\View->CodeIgniter\View\{closure}()
 8 SYSTEMPATH\Common.php(1180): CodeIgniter\View\View->render('Frontend/v_halaman_depan', [], true)
 9 APPPATH\Controllers\Home.php(42): view('Frontend/v_halaman_depan', [...])
10 VENDORPATH\codeigniter4\framework\system\CodeIgniter.php(932): App\Controllers\Home->Berita()
11 VENDORPATH\codeigniter4\framework\system\CodeIgniter.php(497): CodeIgniter\CodeIgniter->runController(Object(App\Controllers\Home))
12 VENDORPATH\codeigniter4\framework\system\CodeIgniter.php(366): CodeIgniter\CodeIgniter->handleRequest(null, Object(Config\Cache), false)
13 FCPATH\index.php(67): CodeIgniter\CodeIgniter->run()
INFO - 2023-07-19 07:18:54 --> Session: Class initialized using 'CodeIgniter\Session\Handlers\FileHandler' driver.
INFO - 2023-07-19 07:18:55 --> Session: Class initialized using 'CodeIgniter\Session\Handlers\FileHandler' driver.
INFO - 2023-07-19 07:19:09 --> Session: Class initialized using 'CodeIgniter\Session\Handlers\FileHandler' driver.
INFO - 2023-07-19 07:19:09 --> Session: Class initialized using 'CodeIgniter\Session\Handlers\FileHandler' driver.
INFO - 2023-07-19 07:19:33 --> Session: Class initialized using 'CodeIgniter\Session\Handlers\FileHandler' driver.
INFO - 2023-07-19 07:19:34 --> Session: Class initialized using 'CodeIgniter\Session\Handlers\FileHandler' driver.
INFO - 2023-07-19 07:19:34 --> Session: Class initialized using 'CodeIgniter\Session\Handlers\FileHandler' driver.
INFO - 2023-07-19 07:19:34 --> Session: Class initialized using 'CodeIgniter\Session\Handlers\FileHandler' driver.
INFO - 2023-07-19 07:19:34 --> Session: Class initialized using 'CodeIgniter\Session\Handlers\FileHandler' driver.
INFO - 2023-07-19 07:19:50 --> Session: Class initialized using 'CodeIgniter\Session\Handlers\FileHandler' driver.
INFO - 2023-07-19 07:19:51 --> Session: Class initialized using 'CodeIgniter\Session\Handlers\FileHandler' driver.
INFO - 2023-07-19 07:21:34 --> Session: Class initialized using 'CodeIgniter\Session\Handlers\FileHandler' driver.
INFO - 2023-07-19 07:21:34 --> Session: Class initialized using 'CodeIgniter\Session\Handlers\FileHandler' driver.
INFO - 2023-07-19 07:22:33 --> Session: Class initialized using 'CodeIgniter\Session\Handlers\FileHandler' driver.
INFO - 2023-07-19 07:22:42 --> Session: Class initialized using 'CodeIgniter\Session\Handlers\FileHandler' driver.
INFO - 2023-07-19 07:22:42 --> Session: Class initialized using 'CodeIgniter\Session\Handlers\FileHandler' driver.
CRITICAL - 2023-07-19 07:22:42 --> Trying to access array offset on value of type null
in APPPATH\Views\Home\v_jurusan.php on line 11.
 1 APPPATH\Views\Home\v_jurusan.php(11): CodeIgniter\Debug\Exceptions->errorHandler(2, 'Trying to access array offset on value of type null', 'C:\\xampp\\htdocs\\sisbudhi\\app\\Views\\Home\\v_jurusan.php', 11)
 2 VENDORPATH\codeigniter4\framework\system\View\View.php(224): include('C:\\xampp\\htdocs\\sisbudhi\\app\\Views\\Home\\v_jurusan.php')
 3 VENDORPATH\codeigniter4\framework\system\View\View.php(227): CodeIgniter\View\View->CodeIgniter\View\{closure}()
 4 SYSTEMPATH\Common.php(1180): CodeIgniter\View\View->render('Home/v_jurusan', [], true)
 5 APPPATH\Views\Frontend\v_halaman_depan.php(203): view('Home/v_jurusan')
 6 VENDORPATH\codeigniter4\framework\system\View\View.php(224): include('C:\\xampp\\htdocs\\sisbudhi\\app\\Views\\Frontend\\v_halaman_depan.php')
 7 VENDORPATH\codeigniter4\framework\system\View\View.php(227): CodeIgniter\View\View->CodeIgniter\View\{closure}()
 8 SYSTEMPATH\Common.php(1180): CodeIgniter\View\View->render('Frontend/v_halaman_depan', [], true)
 9 APPPATH\Controllers\Home.php(33): view('Frontend/v_halaman_depan', [...])
10 VENDORPATH\codeigniter4\framework\system\CodeIgniter.php(932): App\Controllers\Home->Jurusan('images', 'page-banner-6.jpg')
11 VENDORPATH\codeigniter4\framework\system\CodeIgniter.php(497): CodeIgniter\CodeIgniter->runController(Object(App\Controllers\Home))
12 VENDORPATH\codeigniter4\framework\system\CodeIgniter.php(366): CodeIgniter\CodeIgniter->handleRequest(null, Object(Config\Cache), false)
13 FCPATH\index.php(67): CodeIgniter\CodeIgniter->run()
INFO - 2023-07-19 07:22:46 --> Session: Class initialized using 'CodeIgniter\Session\Handlers\FileHandler' driver.
INFO - 2023-07-19 07:24:21 --> Session: Class initialized using 'CodeIgniter\Session\Handlers\FileHandler' driver.
INFO - 2023-07-19 07:24:59 --> Session: Class initialized using 'CodeIgniter\Session\Handlers\FileHandler' driver.
INFO - 2023-07-19 07:25:53 --> Session: Class initialized using 'CodeIgniter\Session\Handlers\FileHandler' driver.
INFO - 2023-07-19 07:26:28 --> Session: Class initialized using 'CodeIgniter\Session\Handlers\FileHandler' driver.
INFO - 2023-07-19 07:27:00 --> Session: Class initialized using 'CodeIgniter\Session\Handlers\FileHandler' driver.
INFO - 2023-07-19 07:27:33 --> Session: Class initialized using 'CodeIgniter\Session\Handlers\FileHandler' driver.
INFO - 2023-07-19 07:27:45 --> Session: Class initialized using 'CodeIgniter\Session\Handlers\FileHandler' driver.
INFO - 2023-07-19 07:27:49 --> Session: Class initialized using 'CodeIgniter\Session\Handlers\FileHandler' driver.
INFO - 2023-07-19 07:28:04 --> Session: Class initialized using 'CodeIgniter\Session\Handlers\FileHandler' driver.
INFO - 2023-07-19 07:28:09 --> Session: Class initialized using 'CodeIgniter\Session\Handlers\FileHandler' driver.
INFO - 2023-07-19 07:28:09 --> Session: Class initialized using 'CodeIgniter\Session\Handlers\FileHandler' driver.
INFO - 2023-07-19 07:28:16 --> Session: Class initialized using 'CodeIgniter\Session\Handlers\FileHandler' driver.
INFO - 2023-07-19 07:28:16 --> Session: Class initialized using 'CodeIgniter\Session\Handlers\FileHandler' driver.
INFO - 2023-07-19 07:28:18 --> Session: Class initialized using 'CodeIgniter\Session\Handlers\FileHandler' driver.
INFO - 2023-07-19 07:28:20 --> Session: Class initialized using 'CodeIgniter\Session\Handlers\FileHandler' driver.
INFO - 2023-07-19 07:28:21 --> Session: Class initialized using 'CodeIgniter\Session\Handlers\FileHandler' driver.
INFO - 2023-07-19 07:28:22 --> Session: Class initialized using 'CodeIgniter\Session\Handlers\FileHandler' driver.
INFO - 2023-07-19 07:28:23 --> Session: Class initialized using 'CodeIgniter\Session\Handlers\FileHandler' driver.
INFO - 2023-07-19 07:28:24 --> Session: Class initialized using 'CodeIgniter\Session\Handlers\FileHandler' driver.
INFO - 2023-07-19 07:28:26 --> Session: Class initialized using 'CodeIgniter\Session\Handlers\FileHandler' driver.
INFO - 2023-07-19 07:28:26 --> Session: Class initialized using 'CodeIgniter\Session\Handlers\FileHandler' driver.
INFO - 2023-07-19 07:28:27 --> Session: Class initialized using 'CodeIgniter\Session\Handlers\FileHandler' driver.
INFO - 2023-07-19 07:28:28 --> Session: Class initialized using 'CodeIgniter\Session\Handlers\FileHandler' driver.
INFO - 2023-07-19 07:28:28 --> Session: Class initialized using 'CodeIgniter\Session\Handlers\FileHandler' driver.
INFO - 2023-07-19 07:28:28 --> Session: Class initialized using 'CodeIgniter\Session\Handlers\FileHandler' driver.
INFO - 2023-07-19 07:28:29 --> Session: Class initialized using 'CodeIgniter\Session\Handlers\FileHandler' driver.
INFO - 2023-07-19 07:28:56 --> Session: Class initialized using 'CodeIgniter\Session\Handlers\FileHandler' driver.
